<?xml version="1.0" encoding="UTF-8"?>
<!-- Generated by org.testng.reporters.JUnitReportReporter -->
<testsuite hostname="DESKTOP-GQF8HD8" failures="0" tests="1" name="com.OrangeHRM.ObjectMapProject.OrangeHRM_ObjectMapLogin" time="12.093" errors="0" timestamp="12 Feb 2019 18:21:53 GMT" skipped="0">
  <testcase classname="com.OrangeHRM.ObjectMapProject.OrangeHRM_ObjectMapLogin" name="OrangeHRM_Login" time="12.093"/>
</testsuite> <!-- com.OrangeHRM.ObjectMapProject.OrangeHRM_ObjectMapLogin -->
