<?xml version="1.0" encoding="UTF-8"?>
<!-- Generated by org.testng.reporters.JUnitReportReporter -->
<testsuite hostname="DESKTOP-GQF8HD8" failures="0" tests="1" name="com.OrangeHRM.ObjectMapProject.OrangeHRM_CallMethodPage" time="41.546" errors="0" timestamp="17 Feb 2019 22:10:31 GMT" skipped="0">
  <testcase classname="com.OrangeHRM.ObjectMapProject.OrangeHRM_CallMethodPage" name="callMethods" time="41.546"/>
</testsuite> <!-- com.OrangeHRM.ObjectMapProject.OrangeHRM_CallMethodPage -->
