<?xml version="1.0" encoding="UTF-8"?>
<!-- Generated by org.testng.reporters.JUnitReportReporter -->
<testsuite hostname="DESKTOP-GQF8HD8" failures="0" tests="4" name="com.jQuery_Project_Automation.JQuery_Project" time="61.683" errors="0" timestamp="25 Jan 2019 16:14:15 GMT" skipped="3">
  <testcase classname="com.jQuery_Project_Automation.JQuery_Project" name="call_Methods" time="61.683"/>
  <testcase classname="com.jQuery_Project_Automation.JQuery_Project" name="interactions">
    <skipped/>
  </testcase> <!-- interactions -->
  <testcase classname="com.jQuery_Project_Automation.JQuery_Project" name="widgets">
    <skipped/>
  </testcase> <!-- widgets -->
  <testcase classname="com.jQuery_Project_Automation.JQuery_Project" name="effect_sideMenu">
    <skipped/>
  </testcase> <!-- effect_sideMenu -->
</testsuite> <!-- com.jQuery_Project_Automation.JQuery_Project -->
