<?xml version="1.0" encoding="UTF-8"?>
<!-- Generated by org.testng.reporters.JUnitReportReporter -->
<testsuite hostname="DESKTOP-GQF8HD8" failures="0" tests="1" name="com.jQuery_Project_Automation.Effects_Class" time="22.929" errors="0" timestamp="04 Feb 2019 20:48:38 GMT" skipped="0">
  <testcase classname="com.jQuery_Project_Automation.Effects_Class" name="effect_sideMenu" time="22.929"/>
</testsuite> <!-- com.jQuery_Project_Automation.Effects_Class -->
