<?xml version="1.0" encoding="UTF-8"?>
<!-- Generated by org.testng.reporters.JUnitReportReporter -->
<testsuite skipped="3" hostname="DESKTOP-GQF8HD8" name="com.jQuery_Project_Automation.JQuery_Project" tests="4" failures="0" timestamp="20 Feb 2019 22:27:23 GMT" time="70.564" errors="0">
  <testcase name="call_Methods" time="70.564" classname="com.jQuery_Project_Automation.JQuery_Project"/>
  <testcase name="interactions" classname="com.jQuery_Project_Automation.JQuery_Project">
    <skipped/>
  </testcase> <!-- interactions -->
  <testcase name="widgets" classname="com.jQuery_Project_Automation.JQuery_Project">
    <skipped/>
  </testcase> <!-- widgets -->
  <testcase name="effect_sideMenu" classname="com.jQuery_Project_Automation.JQuery_Project">
    <skipped/>
  </testcase> <!-- effect_sideMenu -->
</testsuite> <!-- com.jQuery_Project_Automation.JQuery_Project -->
