<?xml version="1.0" encoding="UTF-8"?>
<!-- Generated by org.testng.reporters.JUnitReportReporter -->
<testsuite hostname="DESKTOP-GQF8HD8" failures="0" tests="1" name="com.jQuery_Project_Automation.Selenuim_Functions" time="23.596" errors="0" timestamp="22 Dec 2018 17:35:24 GMT" skipped="0">
  <testcase classname="com.jQuery_Project_Automation.Selenuim_Functions" name="testing_menu" time="23.596"/>
</testsuite> <!-- com.jQuery_Project_Automation.Selenuim_Functions -->
