<?xml version="1.0" encoding="UTF-8"?>
<!-- Generated by org.testng.reporters.JUnitReportReporter -->
<testsuite hostname="DESKTOP-GQF8HD8" failures="0" tests="3" name="com.jQuery_Project_Automation.Interactions_Draft" time="73.025" errors="0" timestamp="22 Jan 2019 16:00:43 GMT" skipped="0">
  <testcase classname="com.jQuery_Project_Automation.Interactions_Draft" name="interactions" time="19.911"/>
  <testcase classname="com.jQuery_Project_Automation.Interactions_Draft" name="widgets" time="30.369"/>
  <testcase classname="com.jQuery_Project_Automation.Interactions_Draft" name="effect_sideMenu" time="22.745"/>
</testsuite> <!-- com.jQuery_Project_Automation.Interactions_Draft -->
