<?xml version="1.0" encoding="UTF-8"?>
<!-- Generated by org.testng.reporters.JUnitReportReporter -->
<testsuite hostname="DESKTOP-GQF8HD8" failures="0" tests="2" name="com.jQuery_Project_Automation.User_History_Test_1" time="49.338" errors="0" timestamp="24 Dec 2018 13:08:53 GMT" skipped="0">
  <testcase classname="com.jQuery_Project_Automation.User_History_Test_1" name="test" time="18.898"/>
  <testcase classname="com.jQuery_Project_Automation.User_History_Test_1" name="draggable" time="30.440"/>
</testsuite> <!-- com.jQuery_Project_Automation.User_History_Test_1 -->
