<?xml version="1.0" encoding="UTF-8"?>
<!-- Generated by org.testng.reporters.JUnitReportReporter -->
<testsuite hostname="DESKTOP-GQF8HD8" failures="0" tests="1" name="com.jQuery_Project_Automation.Widgets_Page" time="35.950" errors="0" timestamp="30 Jan 2019 02:10:41 GMT" skipped="0">
  <testcase classname="com.jQuery_Project_Automation.Widgets_Page" name="widgets" time="35.950"/>
</testsuite> <!-- com.jQuery_Project_Automation.Widgets_Page -->
