<?xml version="1.0" encoding="UTF-8"?>
<!-- Generated by org.testng.reporters.JUnitReportReporter -->
<testsuite hostname="DESKTOP-GQF8HD8" failures="0" tests="7" name="com.jQuery_Project_Automation.Interactions" time="35.377" errors="0" timestamp="31 Jan 2019 00:44:35 GMT" skipped="6">
  <testcase classname="com.jQuery_Project_Automation.Interactions" name="callMethodJqury" time="35.377"/>
  <testcase classname="com.jQuery_Project_Automation.Interactions" name="dropable">
    <skipped/>
  </testcase> <!-- dropable -->
  <testcase classname="com.jQuery_Project_Automation.Interactions" name="sortable">
    <skipped/>
  </testcase> <!-- sortable -->
  <testcase classname="com.jQuery_Project_Automation.Interactions" name="selecable">
    <skipped/>
  </testcase> <!-- selecable -->
  <testcase classname="com.jQuery_Project_Automation.Interactions" name="resazable">
    <skipped/>
  </testcase> <!-- resazable -->
  <testcase classname="com.jQuery_Project_Automation.Interactions" name="test">
    <skipped/>
  </testcase> <!-- test -->
  <testcase classname="com.jQuery_Project_Automation.Interactions" name="dragable">
    <skipped/>
  </testcase> <!-- dragable -->
</testsuite> <!-- com.jQuery_Project_Automation.Interactions -->
